<?xml version="1.0" encoding="UTF-8"?>
<!-- Generated by org.testng.reporters.JUnitReportReporter -->
<testsuite hostname="DESKTOP-KOJOBGV" failures="0" tests="1" name="decryption.data_masking" time="69.891" errors="0" timestamp="2023-04-24T17:37:30 IST" skipped="0">
  <testcase classname="decryption.data_masking" name="test" time="69.891"/>
  <system-out/>
</testsuite> <!-- decryption.data_masking -->
