<?xml version="1.0" encoding="UTF-8"?>
<!-- Generated by org.testng.reporters.JUnitReportReporter -->
<testsuite hostname="DESKTOP-KOJOBGV" failures="0" tests="1" name="decryption.EC2_code_encode" time="0.668" errors="0" timestamp="2023-04-13T15:26:06 IST" skipped="0">
  <testcase classname="decryption.EC2_code_encode" name="loginTest" time="0.668"/>
  <system-out/>
</testsuite> <!-- decryption.EC2_code_encode -->
