<?xml version="1.0" encoding="UTF-8"?>
<!-- Generated by org.testng.reporters.JUnitReportReporter -->
<testsuite hostname="DESKTOP-KOJOBGV" failures="0" tests="1" name="decryption.Encrypt_Decrypt" time="1.075" errors="0" timestamp="2023-04-14T14:48:47 IST" skipped="0">
  <testcase classname="decryption.Encrypt_Decrypt" name="loginWithCredentialsFromExcel" time="1.075"/>
  <system-out/>
</testsuite> <!-- decryption.Encrypt_Decrypt -->
